<?xml version="1.0" encoding="UTF-8"?>
<!-- Generated by org.testng.reporters.JUnitReportReporter -->
<testsuite hostname="DESKTOP-J1J1V9M" failures="0" tests="4" name="TESTNGBasic.C_Emailable_Report" time="0.086" errors="0" timestamp="2022-11-26T19:27:04 GMT-05:00" skipped="0">
  <testcase classname="TESTNGBasic.C_Emailable_Report" name="TC3" time="0.044"/>
  <system-out>
    <![CDATA[Running tc3]]>
  </system-out>
  <testcase classname="TESTNGBasic.C_Emailable_Report" name="TC1" time="0.012"/>
  <system-out>
    <![CDATA[Running tc1]]>
  </system-out>
  <testcase classname="TESTNGBasic.C_Emailable_Report" name="TC0" time="0.021"/>
  <system-out/>
  <testcase classname="TESTNGBasic.C_Emailable_Report" name="TC2" time="0.009"/>
  <system-out>
    <![CDATA[Running tc2]]>
  </system-out>
</testsuite> <!-- TESTNGBasic.C_Emailable_Report -->
