<?xml version="1.0" encoding="UTF-8"?>
<!-- Generated by org.testng.reporters.JUnitReportReporter -->
<testsuite hostname="DESKTOP-J1J1V9M" failures="0" tests="1" name="TestNGe_Verification.G_AssertNotNull" time="0.035" errors="0" timestamp="2022-11-17T08:15:50 GMT-05:00" skipped="0">
  <testcase classname="TestNGe_Verification.G_AssertNotNull" name="assertNotnull" time="0.035"/>
  <system-out/>
</testsuite> <!-- TestNGe_Verification.G_AssertNotNull -->
