<?xml version="1.0" encoding="UTF-8"?>
<!-- Generated by org.testng.reporters.JUnitReportReporter -->
<testsuite hostname="DESKTOP-L8VI7OQ" failures="0" tests="1" name="POM.LoginTest" time="1.340" errors="0" timestamp="2022-12-30T22:07:38 PST" skipped="0">
  <testcase classname="POM.LoginTest" name="login" time="1.340"/>
  <system-out/>
</testsuite> <!-- POM.LoginTest -->
