<?xml version="1.0" encoding="UTF-8"?>
<!-- Generated by org.testng.reporters.JUnitReportReporter -->
<testsuite hostname="DESKTOP-J1J1V9M" failures="0" tests="3" name="TestNg_disableTestCaseExecution.A_DisableTCE_enableFalse" time="0.025" errors="0" timestamp="2022-11-17T08:34:56 GMT-05:00" skipped="1">
  <testcase classname="TestNg_disableTestCaseExecution.A_DisableTCE_enableFalse" name="TC2" time="0.003"/>
  <system-out>
    <![CDATA[Running TC2]]>
  </system-out>
  <testcase classname="TestNg_disableTestCaseExecution.A_DisableTCE_enableFalse" name="TC1" time="0.022"/>
  <system-out>
    <![CDATA[Running TC1]]>
  </system-out>
  <testcase classname="TestNg_disableTestCaseExecution.A_DisableTCE_enableFalse" name="TC3">
    <skipped/>
  </testcase> <!-- TC3 -->
  <system-out/>
</testsuite> <!-- TestNg_disableTestCaseExecution.A_DisableTCE_enableFalse -->
