<?xml version="1.0" encoding="UTF-8"?>
<!-- Generated by org.testng.reporters.JUnitReportReporter -->
<testsuite hostname="DESKTOP-L8VI7OQ" failures="0" tests="1" name="TestNGSoftAssert.AssertionHardEquals" time="13.754" errors="0" timestamp="2022-12-28T22:04:16 PST" skipped="0">
  <testcase classname="TestNGSoftAssert.AssertionHardEquals" name="f" time="13.754"/>
  <system-out/>
</testsuite> <!-- TestNGSoftAssert.AssertionHardEquals -->
