<?xml version="1.0" encoding="UTF-8"?>
<!-- Generated by org.testng.reporters.JUnitReportReporter -->
<testsuite hostname="DESKTOP-J1J1V9M" failures="0" tests="5" name="TestNG_Keyword.A_priority1" time="0.036" errors="0" timestamp="2022-11-24T17:47:26 GMT-05:00" skipped="0">
  <testcase classname="TestNG_Keyword.A_priority1" name="Tc5" time="0.025"/>
  <system-out>
    <![CDATA[Running Tc5]]>
  </system-out>
  <testcase classname="TestNG_Keyword.A_priority1" name="Tc3" time="0.003"/>
  <system-out>
    <![CDATA[Running Tc3]]>
  </system-out>
  <testcase classname="TestNG_Keyword.A_priority1" name="Tc1" time="0.003"/>
  <system-out>
    <![CDATA[Running Tc1]]>
  </system-out>
  <testcase classname="TestNG_Keyword.A_priority1" name="Tc2" time="0.003"/>
  <system-out>
    <![CDATA[Running Tc2]]>
  </system-out>
  <testcase classname="TestNG_Keyword.A_priority1" name="Tc4" time="0.002"/>
  <system-out>
    <![CDATA[Running Tc4]]>
  </system-out>
</testsuite> <!-- TestNG_Keyword.A_priority1 -->
