<?xml version="1.0" encoding="UTF-8"?>
<!-- Generated by org.testng.reporters.JUnitReportReporter -->
<testsuite hostname="DESKTOP-J1J1V9M" failures="0" tests="1" name="TESTNGBasic.D_Annotations" time="0.019" errors="0" timestamp="2022-11-20T18:57:49 GMT-05:00" skipped="0">
  <testcase classname="TESTNGBasic.D_Annotations" name="T1VerifyUserID" time="0.019"/>
  <system-out>
    <![CDATA[verify user id 1]]>
  </system-out>
</testsuite> <!-- TESTNGBasic.D_Annotations -->
