<?xml version="1.0" encoding="UTF-8"?>
<!-- Generated by org.testng.reporters.JUnitReportReporter -->
<testsuite hostname="DESKTOP-L8VI7OQ" failures="0" tests="1" name="TestNGSoftAssert.AssertionSoftNotNull" time="0.041" errors="0" timestamp="2022-12-30T11:03:59 PST" skipped="0">
  <testcase classname="TestNGSoftAssert.AssertionSoftNotNull" name="f" time="0.041"/>
  <system-out/>
</testsuite> <!-- TestNGSoftAssert.AssertionSoftNotNull -->
