<?xml version="1.0" encoding="UTF-8"?>
<!-- Generated by org.testng.reporters.JUnitReportReporter -->
<testsuite hostname="DESKTOP-L8VI7OQ" failures="0" tests="2" name="TestNG_TestSuit.A_SuitClass2" time="0.027" errors="0" timestamp="2022-12-11T19:42:01 PST" skipped="0">
  <testcase classname="TestNG_TestSuit.A_SuitClass2" name="Tc3" time="0.024"/>
  <system-out>
    <![CDATA[Running tc3]]>
  </system-out>
  <testcase classname="TestNG_TestSuit.A_SuitClass2" name="Tc4" time="0.003"/>
  <system-out>
    <![CDATA[Running tc4]]>
  </system-out>
</testsuite> <!-- TestNG_TestSuit.A_SuitClass2 -->
