<?xml version="1.0" encoding="UTF-8"?>
<!-- Generated by org.testng.reporters.JUnitReportReporter -->
<testsuite hostname="DESKTOP-L8VI7OQ" failures="0" tests="1" name="TestNGi__Parallel.B_Parallel2" time="4.591" errors="0" timestamp="2022-12-11T19:36:07 PST" skipped="0">
  <testcase classname="TestNGi__Parallel.B_Parallel2" name="openbrowser" time="4.591"/>
  <system-out/>
</testsuite> <!-- TestNGi__Parallel.B_Parallel2 -->
