<?xml version="1.0" encoding="UTF-8"?>
<!-- Generated by org.testng.reporters.JUnitReportReporter -->
<testsuite hostname="DESKTOP-L8VI7OQ" failures="0" tests="1" name="TestNGSoftAssert.AssertionSoftTrue" time="6.611" errors="0" timestamp="2022-12-28T22:58:32 PST" skipped="0">
  <testcase classname="TestNGSoftAssert.AssertionSoftTrue" name="f" time="6.611"/>
  <system-out/>
</testsuite> <!-- TestNGSoftAssert.AssertionSoftTrue -->
