<?xml version="1.0" encoding="UTF-8"?>
<!-- Generated by org.testng.reporters.JUnitReportReporter -->
<testsuite hostname="DESKTOP-J1J1V9M" failures="0" tests="6" name="TestNGe_Verification.A_Grouping_testgroups_run_include_exclude" time="0.042" errors="0" timestamp="2022-11-18T11:19:30 GMT-05:00" skipped="0">
  <testcase classname="TestNGe_Verification.A_Grouping_testgroups_run_include_exclude" name="TC5" time="0.003"/>
  <system-out>
    <![CDATA[running TC5]]>
  </system-out>
  <testcase classname="TestNGe_Verification.A_Grouping_testgroups_run_include_exclude" name="TC6" time="0.002"/>
  <system-out>
    <![CDATA[Running TC6]]>
  </system-out>
  <testcase classname="TestNGe_Verification.A_Grouping_testgroups_run_include_exclude" name="TC3" time="0.003"/>
  <system-out>
    <![CDATA[running TC3]]>
  </system-out>
  <testcase classname="TestNGe_Verification.A_Grouping_testgroups_run_include_exclude" name="TC1" time="0.027"/>
  <system-out>
    <![CDATA[running TC1]]>
  </system-out>
  <testcase classname="TestNGe_Verification.A_Grouping_testgroups_run_include_exclude" name="TC2" time="0.003"/>
  <system-out>
    <![CDATA[running TC2]]>
  </system-out>
  <testcase classname="TestNGe_Verification.A_Grouping_testgroups_run_include_exclude" name="TC4" time="0.004"/>
  <system-out>
    <![CDATA[running TC4]]>
  </system-out>
</testsuite> <!-- TestNGe_Verification.A_Grouping_testgroups_run_include_exclude -->
