<?xml version="1.0" encoding="UTF-8"?>
<!-- Generated by org.testng.reporters.JUnitReportReporter -->
<testsuite hostname="DESKTOP-L8VI7OQ" failures="0" tests="1" name="TestNGSoftAssert.AssertionSoftNull" time="0.028" errors="0" timestamp="2022-12-28T23:06:00 PST" skipped="0">
  <testcase classname="TestNGSoftAssert.AssertionSoftNull" name="f" time="0.028"/>
  <system-out/>
</testsuite> <!-- TestNGSoftAssert.AssertionSoftNull -->
