<?xml version="1.0" encoding="UTF-8"?>
<!-- Generated by org.testng.reporters.JUnitReportReporter -->
<testsuite hostname="DESKTOP-L8VI7OQ" failures="0" tests="6" name="TestNGh_Grouping.A_grouping_test_groups_run_include_exclude" time="0.041" errors="0" timestamp="2022-12-11T19:43:14 PST" skipped="0">
  <testcase classname="TestNGh_Grouping.A_grouping_test_groups_run_include_exclude" name="TC2" time="0.004"/>
  <system-out>
    <![CDATA[running TC2]]>
  </system-out>
  <testcase classname="TestNGh_Grouping.A_grouping_test_groups_run_include_exclude" name="TC3" time="0.003"/>
  <system-out>
    <![CDATA[running TC3]]>
  </system-out>
  <testcase classname="TestNGh_Grouping.A_grouping_test_groups_run_include_exclude" name="TC1" time="0.024"/>
  <system-out>
    <![CDATA[running TC1]]>
  </system-out>
  <testcase classname="TestNGh_Grouping.A_grouping_test_groups_run_include_exclude" name="TC6" time="0.003"/>
  <system-out>
    <![CDATA[Running TC6]]>
  </system-out>
  <testcase classname="TestNGh_Grouping.A_grouping_test_groups_run_include_exclude" name="TC5" time="0.003"/>
  <system-out>
    <![CDATA[running TC5]]>
  </system-out>
  <testcase classname="TestNGh_Grouping.A_grouping_test_groups_run_include_exclude" name="TC4" time="0.004"/>
  <system-out>
    <![CDATA[running TC4]]>
  </system-out>
</testsuite> <!-- TestNGh_Grouping.A_grouping_test_groups_run_include_exclude -->
