<?xml version="1.0" encoding="UTF-8"?>
<!-- Generated by org.testng.reporters.JUnitReportReporter -->
<testsuite hostname="DESKTOP-L8VI7OQ" failures="0" tests="1" name="TestNGSoftAssert.AssertionSoftFalse" time="6.601" errors="0" timestamp="2022-12-28T23:02:10 PST" skipped="0">
  <testcase classname="TestNGSoftAssert.AssertionSoftFalse" name="f" time="6.601"/>
  <system-out/>
</testsuite> <!-- TestNGSoftAssert.AssertionSoftFalse -->
