<?xml version="1.0" encoding="UTF-8"?>
<!-- Generated by org.testng.reporters.JUnitReportReporter -->
<testsuite hostname="DESKTOP-J1J1V9M" failures="0" tests="2" name="TestNG_TestSuit.A_SuitClass3" time="0.048" errors="0" timestamp="2022-11-18T23:06:02 GMT-05:00" skipped="0">
  <testcase classname="TestNG_TestSuit.A_SuitClass3" name="Tc5" time="0.041"/>
  <system-out>
    <![CDATA[Running tc5]]>
  </system-out>
  <testcase classname="TestNG_TestSuit.A_SuitClass3" name="Tc6" time="0.007"/>
  <system-out>
    <![CDATA[Running tc6]]>
  </system-out>
</testsuite> <!-- TestNG_TestSuit.A_SuitClass3 -->
