<?xml version="1.0" encoding="UTF-8"?>
<!-- Generated by org.testng.reporters.JUnitReportReporter -->
<testsuite hostname="DESKTOP-J1J1V9M" failures="0" tests="4" name="TestNg_disableTestCaseExecution.B_DisableTCE_with_include_exclude" time="0.034" errors="0" timestamp="2022-11-18T11:07:55 GMT-05:00" skipped="0">
  <testcase classname="TestNg_disableTestCaseExecution.B_DisableTCE_with_include_exclude" name="TC2" time="0.002"/>
  <system-out>
    <![CDATA[running tc2]]>
  </system-out>
  <testcase classname="TestNg_disableTestCaseExecution.B_DisableTCE_with_include_exclude" name="TC3" time="0.002"/>
  <system-out>
    <![CDATA[running tc3]]>
  </system-out>
  <testcase classname="TestNg_disableTestCaseExecution.B_DisableTCE_with_include_exclude" name="TC4" time="0.003"/>
  <system-out>
    <![CDATA[running tc4]]>
  </system-out>
  <testcase classname="TestNg_disableTestCaseExecution.B_DisableTCE_with_include_exclude" name="TC1" time="0.027"/>
  <system-out>
    <![CDATA[running tc1]]>
  </system-out>
</testsuite> <!-- TestNg_disableTestCaseExecution.B_DisableTCE_with_include_exclude -->
