<?xml version="1.0" encoding="UTF-8"?>
<!-- Generated by org.testng.reporters.JUnitReportReporter -->
<testsuite hostname="DESKTOP-J1J1V9M" failures="0" tests="1" name="TestNGe_Verification.B_AssertNotEquals" time="0.027" errors="0" timestamp="2022-11-15T10:28:37 GMT-05:00" skipped="0">
  <testcase classname="TestNGe_Verification.B_AssertNotEquals" name="AssertNotEquals" time="0.027"/>
  <system-out/>
</testsuite> <!-- TestNGe_Verification.B_AssertNotEquals -->
