<?xml version="1.0" encoding="UTF-8"?>
<!-- Generated by org.testng.reporters.JUnitReportReporter -->
<testsuite hostname="DESKTOP-L8VI7OQ" failures="0" tests="1" name="TestNGSoftAssert.AssertionHardTrue" time="10.051" errors="0" timestamp="2022-12-28T22:18:56 PST" skipped="0">
  <testcase classname="TestNGSoftAssert.AssertionHardTrue" name="f" time="10.051"/>
  <system-out/>
</testsuite> <!-- TestNGSoftAssert.AssertionHardTrue -->
