<?xml version="1.0" encoding="UTF-8"?>
<!-- Generated by org.testng.reporters.JUnitReportReporter -->
<testsuite hostname="DESKTOP-J1J1V9M" failures="0" tests="3" name="TestNG_Keyword.C_enabled" time="0.029" errors="0" timestamp="2022-11-15T07:55:27 GMT-05:00" skipped="1">
  <testcase classname="TestNG_Keyword.C_enabled" name="Tc3" time="0.003"/>
  <system-out>
    <![CDATA[Running tc3]]>
  </system-out>
  <testcase classname="TestNG_Keyword.C_enabled" name="Tc1" time="0.026"/>
  <system-out>
    <![CDATA[Running tc1]]>
  </system-out>
  <testcase classname="TestNG_Keyword.C_enabled" name="Tc2">
    <skipped/>
  </testcase> <!-- Tc2 -->
  <system-out/>
</testsuite> <!-- TestNG_Keyword.C_enabled -->
