<?xml version="1.0" encoding="UTF-8"?>
<!-- Generated by org.testng.reporters.JUnitReportReporter -->
<testsuite hostname="DESKTOP-L8VI7OQ" failures="0" tests="2" name="TestNG_TestSuit.A_SuitClass1" time="0.026" errors="0" timestamp="2022-12-11T19:39:54 PST" skipped="0">
  <testcase classname="TestNG_TestSuit.A_SuitClass1" name="Tc1" time="0.024"/>
  <system-out>
    <![CDATA[Running tc1]]>
  </system-out>
  <testcase classname="TestNG_TestSuit.A_SuitClass1" name="Tc2" time="0.002"/>
  <system-out>
    <![CDATA[Running tc2]]>
  </system-out>
</testsuite> <!-- TestNG_TestSuit.A_SuitClass1 -->
