<?xml version="1.0" encoding="UTF-8"?>
<!-- Generated by org.testng.reporters.JUnitReportReporter -->
<testsuite hostname="DESKTOP-J1J1V9M" failures="0" tests="1" name="TestNGe_Verification.D_AssertFalse" time="0.025" errors="0" timestamp="2022-11-15T10:37:08 GMT-05:00" skipped="0">
  <testcase classname="TestNGe_Verification.D_AssertFalse" name="AssertFalse" time="0.025"/>
  <system-out/>
</testsuite> <!-- TestNGe_Verification.D_AssertFalse -->
