<?xml version="1.0" encoding="UTF-8"?>
<!-- Generated by org.testng.reporters.JUnitReportReporter -->
<testsuite hostname="DESKTOP-J1J1V9M" failures="0" tests="3" name="TestNG_Keyword.B_Invocation_count" time="0.030" errors="0" timestamp="2022-11-25T11:01:12 GMT-05:00" skipped="0">
  <testcase classname="TestNG_Keyword.B_Invocation_count" name="tc1" time="0.004"/>
  <system-out>
    <![CDATA[Running tc1]]>
  </system-out>
  <testcase classname="TestNG_Keyword.B_Invocation_count" name="tc1" time="0.003"/>
  <system-out>
    <![CDATA[Running tc1]]>
  </system-out>
  <testcase classname="TestNG_Keyword.B_Invocation_count" name="tc1" time="0.023"/>
  <system-out>
    <![CDATA[Running tc1]]>
  </system-out>
</testsuite> <!-- TestNG_Keyword.B_Invocation_count -->
